# JRE version: OpenJDK Runtime Environment Corretto-17.0.6.10.1 (17.0.6+10) (build 17.0.6+10-LTS)
# Java VM: OpenJDK 64-Bit Server VM Corretto-17.0.6.10.1 (17.0.6+10-LTS, mixed mode, sharing, tiered, compressed oops, compressed class ptrs, g1 gc, windows-amd64)
GC Precious Log:
 CPUs: 8 total, 8 available
 Memory: 6024M
 Large Page Support: Disabled
 NUMA Support: Disabled
 Compressed Oops: Enabled (32-bit)
 Heap Region Size: 1M
 Heap Min Capacity: 256M
 Heap Initial Capacity: 256M
 Heap Max Capacity: 512M
 Pre-touch: Disabled
 Parallel Workers: 8
 Concurrent Workers: 2
 Concurrent Refinement Workers: 8
 Periodic GC: Disabled
Heap:
 garbage-first heap   total 262144K, used 95277K [0x00000000e0000000, 0x0000000100000000)
  region size 1024K, 66 young (67584K), 1 survivors (1024K)
 Metaspace       used 41837K, committed 42240K, reserved 253952K
  class space    used 5841K, committed 6016K, reserved 212992K
GC Heap History (12 events):
Event: 3.086 GC heap before
{Heap before GC invocations=0 (full 0):
 garbage-first heap   total 262144K, used 28672K [0x00000000e0000000, 0x0000000100000000)
  region size 1024K, 23 young (23552K), 0 survivors (0K)
 Metaspace       used 3007K, committed 3200K, reserved 221184K
  class space    used 381K, committed 448K, reserved 212992K
}
Event: 3.308 GC heap after
{Heap after GC invocations=1 (full 0):
 garbage-first heap   total 262144K, used 9545K [0x00000000e0000000, 0x0000000100000000)
  region size 1024K, 3 young (3072K), 3 survivors (3072K)
 Metaspace       used 3007K, committed 3200K, reserved 221184K
  class space    used 381K, committed 448K, reserved 212992K
}
Event: 4.775 GC heap before
{Heap before GC invocations=1 (full 0):
 garbage-first heap   total 262144K, used 38217K [0x00000000e0000000, 0x0000000100000000)
  region size 1024K, 30 young (30720K), 3 survivors (3072K)
 Metaspace       used 3908K, committed 4096K, reserved 221184K
  class space    used 477K, committed 576K, reserved 212992K
}
Event: 4.781 GC heap after
{Heap after GC invocations=2 (full 0):
 garbage-first heap   total 262144K, used 13512K [0x00000000e0000000, 0x0000000100000000)
  region size 1024K, 4 young (4096K), 4 survivors (4096K)
 Metaspace       used 3908K, committed 4096K, reserved 221184K
  class space    used 477K, committed 576K, reserved 212992K
}
Event: 12.727 GC heap before
{Heap before GC invocations=2 (full 0):
 garbage-first heap   total 262144K, used 115912K [0x00000000e0000000, 0x0000000100000000)
  region size 1024K, 105 young (107520K), 4 survivors (4096K)
 Metaspace       used 21302K, committed 21504K, reserved 237568K
  class space    used 3176K, committed 3264K, reserved 212992K
}
Event: 12.750 GC heap after
{Heap after GC invocations=3 (full 0):
 garbage-first heap   total 262144K, used 21036K [0x00000000e0000000, 0x0000000100000000)
  region size 1024K, 12 young (12288K), 12 survivors (12288K)
 Metaspace       used 21302K, committed 21504K, reserved 237568K
  class space    used 3176K, committed 3264K, reserved 212992K
}
Event: 18.912 GC heap before
{Heap before GC invocations=4 (full 0):
 garbage-first heap   total 262144K, used 125484K [0x00000000e0000000, 0x0000000100000000)
  region size 1024K, 112 young (114688K), 12 survivors (12288K)
 Metaspace       used 35684K, committed 36096K, reserved 245760K
  class space    used 4903K, committed 5120K, reserved 212992K
}
Event: 18.934 GC heap after
{Heap after GC invocations=5 (full 0):
 garbage-first heap   total 262144K, used 30167K [0x00000000e0000000, 0x0000000100000000)
  region size 1024K, 16 young (16384K), 16 survivors (16384K)
 Metaspace       used 35684K, committed 36096K, reserved 245760K
  class space    used 4903K, committed 5120K, reserved 212992K
}
Event: 18.984 GC heap before
{Heap before GC invocations=5 (full 0):
 garbage-first heap   total 262144K, used 31191K [0x00000000e0000000, 0x0000000100000000)
  region size 1024K, 17 young (17408K), 16 survivors (16384K)
 Metaspace       used 35796K, committed 36224K, reserved 245760K
  class space    used 4921K, committed 5120K, reserved 212992K
}
Event: 19.002 GC heap after
{Heap after GC invocations=6 (full 0):
 garbage-first heap   total 262144K, used 30679K [0x00000000e0000000, 0x0000000100000000)
  region size 1024K, 2 young (2048K), 2 survivors (2048K)
 Metaspace       used 35796K, committed 36224K, reserved 245760K
  class space    used 4921K, committed 5120K, reserved 212992K
}
Event: 19.061 GC heap before
{Heap before GC invocations=6 (full 0):
 garbage-first heap   total 262144K, used 32727K [0x00000000e0000000, 0x0000000100000000)
  region size 1024K, 5 young (5120K), 2 survivors (2048K)
 Metaspace       used 36010K, committed 36416K, reserved 245760K
  class space    used 4960K, committed 5120K, reserved 212992K
}
Event: 19.063 GC heap after
{Heap after GC invocations=7 (full 0):
 garbage-first heap   total 262144K, used 29741K [0x00000000e0000000, 0x0000000100000000)
  region size 1024K, 1 young (1024K), 1 survivors (1024K)
 Metaspace       used 36010K, committed 36416K, reserved 245760K
  class space    used 4960K, committed 5120K, reserved 212992K
}

