# JRE version: OpenJDK Runtime Environment Corretto-17.0.6.10.1 (17.0.6+10) (build 17.0.6+10-LTS)
# Java VM: OpenJDK 64-Bit Server VM Corretto-17.0.6.10.1 (17.0.6+10-LTS, mixed mode, sharing, tiered, compressed oops, compressed class ptrs, g1 gc, windows-amd64)
GC Precious Log:
 CPUs: 8 total, 8 available
 Memory: 6024M
 Large Page Support: Disabled
 NUMA Support: Disabled
 Compressed Oops: Enabled (32-bit)
 Heap Region Size: 1M
 Heap Min Capacity: 8M
 Heap Initial Capacity: 96M
 Heap Max Capacity: 1508M
 Pre-touch: Disabled
 Parallel Workers: 8
 Concurrent Workers: 2
 Concurrent Refinement Workers: 8
 Periodic GC: Disabled
Heap:
 garbage-first heap   total 134144K, used 50677K [0x00000000a1c00000, 0x0000000100000000)
  region size 1024K, 5 young (5120K), 1 survivors (1024K)
 Metaspace       used 9350K, committed 9472K, reserved 1064960K
  class space    used 980K, committed 1024K, reserved 1048576K
GC Heap History (20 events):
Event: 12.578 GC heap before
{Heap before GC invocations=15 (full 0):
 garbage-first heap   total 134144K, used 59859K [0x00000000a1c00000, 0x0000000100000000)
  region size 1024K, 6 young (6144K), 1 survivors (1024K)
 Metaspace       used 9344K, committed 9472K, reserved 1064960K
  class space    used 979K, committed 1024K, reserved 1048576K
}
Event: 12.579 GC heap after
{Heap after GC invocations=16 (full 0):
 garbage-first heap   total 134144K, used 35289K [0x00000000a1c00000, 0x0000000100000000)
  region size 1024K, 1 young (1024K), 1 survivors (1024K)
 Metaspace       used 9344K, committed 9472K, reserved 1064960K
  class space    used 979K, committed 1024K, reserved 1048576K
}
Event: 13.402 GC heap before
{Heap before GC invocations=16 (full 0):
 garbage-first heap   total 134144K, used 59865K [0x00000000a1c00000, 0x0000000100000000)
  region size 1024K, 6 young (6144K), 1 survivors (1024K)
 Metaspace       used 9344K, committed 9472K, reserved 1064960K
  class space    used 979K, committed 1024K, reserved 1048576K
}
Event: 13.403 GC heap after
{Heap after GC invocations=17 (full 0):
 garbage-first heap   total 134144K, used 35297K [0x00000000a1c00000, 0x0000000100000000)
  region size 1024K, 1 young (1024K), 1 survivors (1024K)
 Metaspace       used 9344K, committed 9472K, reserved 1064960K
  class space    used 979K, committed 1024K, reserved 1048576K
}
Event: 13.939 GC heap before
{Heap before GC invocations=17 (full 0):
 garbage-first heap   total 134144K, used 57825K [0x00000000a1c00000, 0x0000000100000000)
  region size 1024K, 4 young (4096K), 1 survivors (1024K)
 Metaspace       used 9344K, committed 9472K, reserved 1064960K
  class space    used 979K, committed 1024K, reserved 1048576K
}
Event: 13.940 GC heap after
{Heap after GC invocations=18 (full 0):
 garbage-first heap   total 134144K, used 35294K [0x00000000a1c00000, 0x0000000100000000)
  region size 1024K, 1 young (1024K), 1 survivors (1024K)
 Metaspace       used 9344K, committed 9472K, reserved 1064960K
  class space    used 979K, committed 1024K, reserved 1048576K
}
Event: 14.775 GC heap before
{Heap before GC invocations=18 (full 0):
 garbage-first heap   total 134144K, used 59870K [0x00000000a1c00000, 0x0000000100000000)
  region size 1024K, 6 young (6144K), 1 survivors (1024K)
 Metaspace       used 9344K, committed 9472K, reserved 1064960K
  class space    used 979K, committed 1024K, reserved 1048576K
}
Event: 14.776 GC heap after
{Heap after GC invocations=19 (full 0):
 garbage-first heap   total 134144K, used 35295K [0x00000000a1c00000, 0x0000000100000000)
  region size 1024K, 1 young (1024K), 1 survivors (1024K)
 Metaspace       used 9344K, committed 9472K, reserved 1064960K
  class space    used 979K, committed 1024K, reserved 1048576K
}
Event: 15.623 GC heap before
{Heap before GC invocations=19 (full 0):
 garbage-first heap   total 134144K, used 59871K [0x00000000a1c00000, 0x0000000100000000)
  region size 1024K, 6 young (6144K), 1 survivors (1024K)
 Metaspace       used 9347K, committed 9472K, reserved 1064960K
  class space    used 980K, committed 1024K, reserved 1048576K
}
Event: 15.624 GC heap after
{Heap after GC invocations=20 (full 0):
 garbage-first heap   total 134144K, used 35309K [0x00000000a1c00000, 0x0000000100000000)
  region size 1024K, 1 young (1024K), 1 survivors (1024K)
 Metaspace       used 9347K, committed 9472K, reserved 1064960K
  class space    used 980K, committed 1024K, reserved 1048576K
}
Event: 16.166 GC heap before
{Heap before GC invocations=20 (full 0):
 garbage-first heap   total 134144K, used 57837K [0x00000000a1c00000, 0x0000000100000000)
  region size 1024K, 4 young (4096K), 1 survivors (1024K)
 Metaspace       used 9347K, committed 9472K, reserved 1064960K
  class space    used 980K, committed 1024K, reserved 1048576K
}
Event: 16.166 GC heap after
{Heap after GC invocations=21 (full 0):
 garbage-first heap   total 134144K, used 35316K [0x00000000a1c00000, 0x0000000100000000)
  region size 1024K, 1 young (1024K), 1 survivors (1024K)
 Metaspace       used 9347K, committed 9472K, reserved 1064960K
  class space    used 980K, committed 1024K, reserved 1048576K
}
Event: 16.979 GC heap before
{Heap before GC invocations=21 (full 0):
 garbage-first heap   total 134144K, used 59892K [0x00000000a1c00000, 0x0000000100000000)
  region size 1024K, 6 young (6144K), 1 survivors (1024K)
 Metaspace       used 9347K, committed 9472K, reserved 1064960K
  class space    used 980K, committed 1024K, reserved 1048576K
}
Event: 16.980 GC heap after
{Heap after GC invocations=22 (full 0):
 garbage-first heap   total 134144K, used 35321K [0x00000000a1c00000, 0x0000000100000000)
  region size 1024K, 1 young (1024K), 1 survivors (1024K)
 Metaspace       used 9347K, committed 9472K, reserved 1064960K
  class space    used 980K, committed 1024K, reserved 1048576K
}
Event: 17.837 GC heap before
{Heap before GC invocations=22 (full 0):
 garbage-first heap   total 134144K, used 59897K [0x00000000a1c00000, 0x0000000100000000)
  region size 1024K, 6 young (6144K), 1 survivors (1024K)
 Metaspace       used 9347K, committed 9472K, reserved 1064960K
  class space    used 980K, committed 1024K, reserved 1048576K
}
Event: 17.838 GC heap after
{Heap after GC invocations=23 (full 0):
 garbage-first heap   total 134144K, used 35318K [0x00000000a1c00000, 0x0000000100000000)
  region size 1024K, 1 young (1024K), 1 survivors (1024K)
 Metaspace       used 9347K, committed 9472K, reserved 1064960K
  class space    used 980K, committed 1024K, reserved 1048576K
}
Event: 18.759 GC heap before
{Heap before GC invocations=23 (full 0):
 garbage-first heap   total 134144K, used 59894K [0x00000000a1c00000, 0x0000000100000000)
  region size 1024K, 6 young (6144K), 1 survivors (1024K)
 Metaspace       used 9350K, committed 9472K, reserved 1064960K
  class space    used 980K, committed 1024K, reserved 1048576K
}
Event: 18.760 GC heap after
{Heap after GC invocations=24 (full 0):
 garbage-first heap   total 134144K, used 35321K [0x00000000a1c00000, 0x0000000100000000)
  region size 1024K, 1 young (1024K), 1 survivors (1024K)
 Metaspace       used 9350K, committed 9472K, reserved 1064960K
  class space    used 980K, committed 1024K, reserved 1048576K
}
Event: 19.449 GC heap before
{Heap before GC invocations=24 (full 0):
 garbage-first heap   total 134144K, used 58873K [0x00000000a1c00000, 0x0000000100000000)
  region size 1024K, 5 young (5120K), 1 survivors (1024K)
 Metaspace       used 9350K, committed 9472K, reserved 1064960K
  class space    used 980K, committed 1024K, reserved 1048576K
}
Event: 19.450 GC heap after
{Heap after GC invocations=25 (full 0):
 garbage-first heap   total 134144K, used 35317K [0x00000000a1c00000, 0x0000000100000000)
  region size 1024K, 1 young (1024K), 1 survivors (1024K)
 Metaspace       used 9350K, committed 9472K, reserved 1064960K
  class space    used 980K, committed 1024K, reserved 1048576K
}

